<?xml version="1.0" encoding="UTF-8"?>
<!-- Generated by org.testng.reporters.JUnitReportReporter -->
<testsuite hostname="jenpc" failures="0" tests="3" name="Runner.TestRunner" time="22.193" errors="0" timestamp="2023-10-16T18:16:50 CDT" skipped="0">
  <testcase classname="Runner.TestRunner" name="runScenario" time="22.168"/>
  <testcase classname="Runner.TestRunner" name="runScenario" time="0.014"/>
  <testcase classname="Runner.TestRunner" name="runScenario" time="0.011"/>
</testsuite> <!-- Runner.TestRunner -->
